
> ccog@0.1.0 build
> next build

Î“Ă»â–“ Next.js 16.1.6 (Turbopack)
- Environments: .env.local

Î“ĂśĂˇ The "middleware" file convention is deprecated. Please use "proxy" instead. Learn more: https://nextjs.org/docs/messages/middleware-to-proxy
  Creating an optimized production build ...
Î“ÂŁĂ´ Compiled successfully in 11.1s
  Running TypeScript ...
  Collecting page data using 11 workers ...
  Generating static pages using 11 workers (0/43) ...
  Generating static pages using 11 workers (10/43) 
  Generating static pages using 11 workers (21/43) 
  Generating static pages using 11 workers (32/43) 
Î“ÂŁĂ´ Generating static pages using 11 workers (43/43) in 1512.8ms
  Finalizing page optimization ...

Route (app)
Î“Ă¶Ă® Î“ĂąĂŻ /
Î“Ă¶ÂŁ Î“ĂąĂŻ /_not-found
Î“Ă¶ÂŁ Î“ĂąĂŻ /about
Î“Ă¶ÂŁ Î“ĂąĂŻ /about/connect
Î“Ă¶ÂŁ Î“ĂąĂŻ /about/membership
Î“Ă¶ÂŁ Î“ĂąĂŻ /about/pastor
Î“Ă¶ÂŁ Î“ĂąĂŻ /admin
Î“Ă¶ÂŁ Î“ĂąĂŻ /admin/blog
Î“Ă¶ÂŁ Î“ĂąĂŻ /admin/events
Î“Ă¶ÂŁ Î“ĂąĂŻ /admin/login
Î“Ă¶ÂŁ Î“ĂąĂŻ /admin/logs
Î“Ă¶ÂŁ Î“ĂąĂŻ /admin/prayer-requests
Î“Ă¶ÂŁ Î“ĂąĂŻ /admin/sermons
Î“Ă¶ÂŁ Î“ĂąĂŻ /admin/settings
Î“Ă¶ÂŁ Î“ĂąĂŻ /admin/songs
Î“Ă¶ÂŁ â•žĂ† /admin/songs/[id]
Î“Ă¶ÂŁ Î“ĂąĂŻ /admin/songs/new
Î“Ă¶ÂŁ Î“ĂąĂŻ /admin/users
Î“Ă¶ÂŁ â•žĂ† /api/admin/login
Î“Ă¶ÂŁ â•žĂ† /api/admin/logout
Î“Ă¶ÂŁ â•žĂ† /api/admin/logs
Î“Ă¶ÂŁ â•žĂ† /api/admin/me
Î“Ă¶ÂŁ â•žĂ† /api/admin/stats
Î“Ă¶ÂŁ â•žĂ† /api/admin/upload
Î“Ă¶ÂŁ â•žĂ† /api/admin/users
Î“Ă¶ÂŁ â•žĂ† /api/admin/users/[id]
Î“Ă¶ÂŁ â•žĂ† /api/auth/login
Î“Ă¶ÂŁ â•žĂ† /api/auth/logout
Î“Ă¶ÂŁ â•žĂ† /api/blogs
Î“Ă¶ÂŁ â•žĂ† /api/blogs/[id]
Î“Ă¶ÂŁ â•žĂ† /api/db-test
Î“Ă¶ÂŁ â•žĂ† /api/events
Î“Ă¶ÂŁ â•žĂ† /api/events/[id]
Î“Ă¶ÂŁ â•žĂ† /api/prayer
Î“Ă¶ÂŁ â•žĂ† /api/prayer/[id]
Î“Ă¶ÂŁ â•žĂ† /api/sermons
Î“Ă¶ÂŁ â•žĂ† /api/sermons/[id]
Î“Ă¶ÂŁ â•žĂ† /api/songs
Î“Ă¶ÂŁ â•žĂ† /api/songs/[id]
Î“Ă¶ÂŁ â•žĂ† /api/v1/admin/songs
Î“Ă¶ÂŁ â•žĂ† /api/v1/admin/songs/[id]
Î“Ă¶ÂŁ â•žĂ† /api/v1/songs
Î“Ă¶ÂŁ â•žĂ† /api/v1/songs/[slug]
Î“Ă¶ÂŁ Î“ĂąĂŻ /contact
Î“Ă¶ÂŁ Î“ĂąĂŻ /events
Î“Ă¶ÂŁ Î“ĂąĂŻ /offering
Î“Ă¶ÂŁ Î“ĂąĂŻ /resources/blog
Î“Ă¶ÂŁ Î“ĂąĂŻ /resources/devotions
Î“Ă¶ÂŁ Î“ĂąĂŻ /resources/downloads
Î“Ă¶ÂŁ Î“ĂąĂŻ /resources/sermons
Î“Ă¶ÂŁ Î“ĂąĂŻ /resources/songs
Î“Ă¶Ă¶ â•žĂ† /resources/songs/[slug]


â•žĂ† Proxy (Middleware)

Î“ĂąĂŻ  (Static)   prerendered as static content
â•žĂ†  (Dynamic)  server-rendered on demand

