
> ccog@0.1.0 build
> next build

Γû▓ Next.js 16.1.6 (Turbopack)
- Environments: .env.local

ΓÜá The "middleware" file convention is deprecated. Please use "proxy" instead. Learn more: https://nextjs.org/docs/messages/middleware-to-proxy
  Creating an optimized production build ...
Γ£ô Compiled successfully in 11.4s
  Running TypeScript ...
Failed to compile.

./src/app/api/v1/admin/songs/route.ts:95:36
Type error: No overload matches this call.
  The last overload gave the following error.
    Argument of type '{ slug: string; createdBy: string; title: string; category: string; language: string; tags: string[]; status: "draft" | "published"; isLive: boolean; songNumber?: string | null | undefined; author?: string | ... 1 more ... | undefined; lyrics?: string | ... 1 more ... | undefined; }' is not assignable to parameter of type '{ title?: StringQueryTypeCasting | undefined; slug?: StringQueryTypeCasting | undefined; songNumber?: StringQueryTypeCasting | undefined; ... 67 more ...; validateSync?: { ...; } | undefined; }'.
      Types of property 'songNumber' are incompatible.
        Type 'string | null | undefined' is not assignable to type 'StringQueryTypeCasting | undefined'.
          Type 'null' is not assignable to type 'StringQueryTypeCasting | undefined'.

  93 |     }
  94 |
> 95 |     const song = await Song.create({
     |                                    ^
  96 |       ...songData,
  97 |       slug: finalSlug,
  98 |       createdBy: userId,
Next.js build worker exited with code: 1 and signal: null
