
> ccog@0.1.0 build
> next build

Γû▓ Next.js 16.1.6 (Turbopack)
- Environments: .env.local

ΓÜá The "middleware" file convention is deprecated. Please use "proxy" instead. Learn more: https://nextjs.org/docs/messages/middleware-to-proxy
  Creating an optimized production build ...
Γ£ô Compiled successfully in 10.6s
  Running TypeScript ...
Failed to compile.

./src/app/(site)/about/connect/page.tsx:142:17
Type error: Type '{ hidden: { opacity: number; y: number; }; visible: (i: number) => { opacity: number; y: number; transition: { delay: number; duration: number; ease: number[]; }; }; }' is not assignable to type 'Variants'.
  Property 'visible' is incompatible with index signature.
    Type '(i: number) => { opacity: number; y: number; transition: { delay: number; duration: number; ease: number[]; }; }' is not assignable to type 'Variant'.
      Type '(i: number) => { opacity: number; y: number; transition: { delay: number; duration: number; ease: number[]; }; }' is not assignable to type 'TargetResolver'.
        Type '{ opacity: number; y: number; transition: { delay: number; duration: number; ease: number[]; }; }' is not assignable to type 'string | TargetAndTransition'.
          Type '{ opacity: number; y: number; transition: { delay: number; duration: number; ease: number[]; }; }' is not assignable to type 'TargetAndTransition'.
            Type '{ opacity: number; y: number; transition: { delay: number; duration: number; ease: number[]; }; }' is not assignable to type '{ transition?: Transition<any> | undefined; transitionEnd?: ResolvedValues$1 | undefined; }'.
              Types of property 'transition' are incompatible.
                Type '{ delay: number; duration: number; ease: number[]; }' is not assignable to type 'Transition<any> | undefined'.
                  Type '{ delay: number; duration: number; ease: number[]; }' is not assignable to type 'TransitionWithValueOverrides<any>'.
                    Type '{ delay: number; duration: number; ease: number[]; }' is not assignable to type 'ValueAnimationTransition<any>'.
                      Types of property 'ease' are incompatible.
                        Type 'number[]' is not assignable to type 'Easing | Easing[] | undefined'.
                          Type 'number[]' is not assignable to type 'EasingFunction | Easing[]'.
                            Type 'number[]' is not assignable to type 'Easing[]'.
                              Type 'number' is not assignable to type 'Easing'.

  140 |                 viewport={{ once: true }}
  141 |                 custom={i}
> 142 |                 variants={fadeInUp}
      |                 ^
  143 |                 className="group rounded-[2.5rem] border border-neutral-100 bg-white p-10 shadow-lg shadow-neutral-200/20 transition-all hover:shadow-2xl hover:shadow-neutral-200/40 hover:-translate-y-2 duration-500"
  144 |               >
  145 |                 <div className={`flex h-14 w-14 items-center justify-center rounded-2xl ${item.color} transition-transform group-hover:rotate-6`}>
Next.js build worker exited with code: 1 and signal: null
